<?xml version="1.0" encoding="UTF-8"?>
<!-- Generated by org.testng.reporters.JUnitXMLReporter -->
<testsuite hostname="LAPTOP-PH4T5HGA" ignored="0" name="Default test" tests="4" failures="0" timestamp="2022-10-28T18:43:19 BST" time="0.881" errors="0">
  <testcase name="@BeforeMethod setup" time="-1.666978999693E9" classname="com.e2e.testcases.AccountCreationPageTest">
    <failure type="org.testng.TestNGException" message="
Parameter &amp;apos;browser&amp;apos; is required by BeforeMethod on method setup but has not been marked @Optional or defined
in C:\Users\sakth\AppData\Local\Temp\testng-eclipse-1638577966\testng-customsuite.xml">
      <![CDATA[org.testng.TestNGException: 
Parameter 'browser' is required by BeforeMethod on method setup but has not been marked @Optional or defined
in C:\Users\sakth\AppData\Local\Temp\testng-eclipse-1638577966\testng-customsuite.xml
at org.testng.internal.Parameters.createParams(Parameters.java:270)
at org.testng.internal.Parameters.createParametersForMethod(Parameters.java:358)
at org.testng.internal.Parameters.createParameters(Parameters.java:700)
at org.testng.internal.Parameters.createConfigurationParameters(Parameters.java:168)
at org.testng.internal.ConfigInvoker.invokeConfigurations(ConfigInvoker.java:302)
at org.testng.internal.TestInvoker.runConfigMethods(TestInvoker.java:700)
at org.testng.internal.TestInvoker.invokeMethod(TestInvoker.java:527)
at org.testng.internal.TestInvoker.invokeTestMethod(TestInvoker.java:173)
at org.testng.internal.MethodRunner.runInSequence(MethodRunner.java:46)
at org.testng.internal.TestInvoker$MethodInvocationAgent.invoke(TestInvoker.java:824)
at org.testng.internal.TestInvoker.invokeTestMethods(TestInvoker.java:146)
at org.testng.internal.TestMethodWorker.invokeTestMethods(TestMethodWorker.java:146)
at org.testng.internal.TestMethodWorker.run(TestMethodWorker.java:128)
at java.util.ArrayList.forEach(Unknown Source)
at org.testng.TestRunner.privateRun(TestRunner.java:794)
at org.testng.TestRunner.run(TestRunner.java:596)
at org.testng.SuiteRunner.runTest(SuiteRunner.java:377)
at org.testng.SuiteRunner.runSequentially(SuiteRunner.java:371)
at org.testng.SuiteRunner.privateRun(SuiteRunner.java:332)
at org.testng.SuiteRunner.run(SuiteRunner.java:276)
at org.testng.SuiteRunnerWorker.runSuite(SuiteRunnerWorker.java:53)
at org.testng.SuiteRunnerWorker.run(SuiteRunnerWorker.java:96)
at org.testng.TestNG.runSuitesSequentially(TestNG.java:1212)
at org.testng.TestNG.runSuitesLocally(TestNG.java:1134)
at org.testng.TestNG.runSuites(TestNG.java:1063)
at org.testng.TestNG.run(TestNG.java:1031)
at org.testng.remote.AbstractRemoteTestNG.run(AbstractRemoteTestNG.java:115)
at org.testng.remote.RemoteTestNG.initAndRun(RemoteTestNG.java:251)
at org.testng.remote.RemoteTestNG.main(RemoteTestNG.java:77)
]]>
    </failure>
  </testcase> <!-- @BeforeMethod setup -->
  <testcase name="@AfterMethod tearDown" time="-1.666978999707E9" classname="com.e2e.testcases.AccountCreationPageTest">
    <skipped/>
  </testcase> <!-- @AfterMethod tearDown -->
  <testcase name="@BeforeMethod setup" time="-1.666978999709E9" classname="com.e2e.testcases.AccountCreationPageTest">
    <skipped/>
  </testcase> <!-- @BeforeMethod setup -->
  <testcase name="@AfterMethod tearDown" time="-1.666978999713E9" classname="com.e2e.testcases.AccountCreationPageTest">
    <skipped/>
  </testcase> <!-- @AfterMethod tearDown -->
  <testcase name="@BeforeMethod setup" time="-1.666978999715E9" classname="com.e2e.testcases.AccountCreationPageTest">
    <skipped/>
  </testcase> <!-- @BeforeMethod setup -->
  <testcase name="@AfterMethod tearDown" time="-1.666978999719E9" classname="com.e2e.testcases.AccountCreationPageTest">
    <skipped/>
  </testcase> <!-- @AfterMethod tearDown -->
  <testcase name="@BeforeMethod setup" time="-1.666978999785E9" classname="com.e2e.testcases.AccountCreationPageTest">
    <skipped/>
  </testcase> <!-- @BeforeMethod setup -->
  <testcase name="@AfterMethod tearDown" time="-1.666978999791E9" classname="com.e2e.testcases.AccountCreationPageTest">
    <skipped/>
  </testcase> <!-- @AfterMethod tearDown -->
  <testcase name="createAccountTest" time="0.0" classname="com.e2e.testcases.AccountCreationPageTest">
    <skipped/>
  </testcase> <!-- createAccountTest -->
  <testcase name="createAccountTest" time="0.0" classname="com.e2e.testcases.AccountCreationPageTest">
    <skipped/>
  </testcase> <!-- createAccountTest -->
  <testcase name="createAccountTest" time="0.0" classname="com.e2e.testcases.AccountCreationPageTest">
    <skipped/>
  </testcase> <!-- createAccountTest -->
  <testcase name="verifyCreateAccountPageTest" time="0.0" classname="com.e2e.testcases.AccountCreationPageTest">
    <skipped/>
  </testcase> <!-- verifyCreateAccountPageTest -->
</testsuite> <!-- Default test -->
