<?xml version="1.0" encoding="UTF-8"?>
<testng-results skipped="0" failed="1" ignored="20" total="26" passed="5">
  <reporter-output>
  </reporter-output>
  <suite name="Suite" duration-ms="93166" started-at="2022-10-20T20:37:39 BST" finished-at="2022-10-20T20:39:12 BST">
    <groups>
      <group name="Sanity">
        <method signature="LoginPageTest.loginTest(java.lang.String,java.lang.String)[pri:0, instance:com.e2e.testcases.LoginPageTest@13acb0d1]" name="loginTest" class="com.e2e.testcases.LoginPageTest"/>
      </group> <!-- Sanity -->
      <group name="Smoke">
        <method signature="HomePageTest.orderHistoryDetailsTest()[pri:0, instance:com.e2e.testcases.HomePageTest@45dd4eda]" name="orderHistoryDetailsTest" class="com.e2e.testcases.HomePageTest"/>
        <method signature="HomePageTest.validateAccountDetailsTest()[pri:0, instance:com.e2e.testcases.HomePageTest@45dd4eda]" name="validateAccountDetailsTest" class="com.e2e.testcases.HomePageTest"/>
        <method signature="IndexPageTest.verifyLogo()[pri:0, instance:com.e2e.testcases.IndexPageTest@71c8becc]" name="verifyLogo" class="com.e2e.testcases.IndexPageTest"/>
        <method signature="IndexPageTest.verifyTitle()[pri:0, instance:com.e2e.testcases.IndexPageTest@71c8becc]" name="verifyTitle" class="com.e2e.testcases.IndexPageTest"/>
        <method signature="LoginPageTest.loginTest(java.lang.String,java.lang.String)[pri:0, instance:com.e2e.testcases.LoginPageTest@13acb0d1]" name="loginTest" class="com.e2e.testcases.LoginPageTest"/>
      </group> <!-- Smoke -->
    </groups>
    <test name="Smoke" duration-ms="93166" started-at="2022-10-20T20:37:39 BST" finished-at="2022-10-20T20:39:12 BST">
      <class name="com.e2e.testcases.LoginPageTest">
        <test-method status="PASS" signature="loadConfig()[pri:0, instance:com.e2e.testcases.LoginPageTest@13acb0d1]" name="loadConfig" is-config="true" duration-ms="284" started-at="2022-10-20T20:37:38 BST" finished-at="2022-10-20T20:37:39 BST">
          <reporter-output>
          </reporter-output>
        </test-method> <!-- loadConfig -->
        <test-method status="PASS" signature="setup(java.lang.String)[pri:0, instance:com.e2e.testcases.LoginPageTest@13acb0d1]" name="setup" is-config="true" duration-ms="9418" started-at="2022-10-20T20:37:40 BST" finished-at="2022-10-20T20:37:49 BST">
          <params>
            <param index="0">
              <value>
                <![CDATA[Chrome]]>
              </value>
            </param>
          </params>
          <reporter-output>
          </reporter-output>
        </test-method> <!-- setup -->
        <test-method status="PASS" signature="loginTest(java.lang.String,java.lang.String)[pri:0, instance:com.e2e.testcases.LoginPageTest@13acb0d1]" name="loginTest" duration-ms="14278" started-at="2022-10-20T20:37:49 BST" data-provider="credentials" finished-at="2022-10-20T20:38:03 BST">
          <params>
            <param index="0">
              <value>
                <![CDATA[sai8132022@gmail.com]]>
              </value>
            </param>
            <param index="1">
              <value>
                <![CDATA[Qwerty123]]>
              </value>
            </param>
          </params>
          <reporter-output>
          </reporter-output>
        </test-method> <!-- loginTest -->
        <test-method status="PASS" signature="tearDown()[pri:0, instance:com.e2e.testcases.LoginPageTest@13acb0d1]" name="tearDown" is-config="true" duration-ms="845" started-at="2022-10-20T20:38:03 BST" finished-at="2022-10-20T20:38:04 BST">
          <reporter-output>
          </reporter-output>
        </test-method> <!-- tearDown -->
        <test-method status="PASS" signature="setup(java.lang.String)[pri:0, instance:com.e2e.testcases.LoginPageTest@13acb0d1]" name="setup" is-config="true" duration-ms="4523" started-at="2022-10-20T20:38:04 BST" finished-at="2022-10-20T20:38:09 BST">
          <params>
            <param index="0">
              <value>
                <![CDATA[Chrome]]>
              </value>
            </param>
          </params>
          <reporter-output>
          </reporter-output>
        </test-method> <!-- setup -->
        <test-method status="FAIL" signature="loginTest(java.lang.String,java.lang.String)[pri:0, instance:com.e2e.testcases.LoginPageTest@13acb0d1]" name="loginTest" duration-ms="12507" started-at="2022-10-20T20:38:09 BST" data-provider="credentials" finished-at="2022-10-20T20:38:21 BST">
          <params>
            <param index="0">
              <value>
                <![CDATA[abc657@gmail.com]]>
              </value>
            </param>
            <param index="1">
              <value>
                <![CDATA[asdf1234]]>
              </value>
            </param>
          </params>
          <exception class="java.lang.AssertionError">
            <message>
              <![CDATA[expected [https://www.matalan.co.uk/account/edit] but found [https://www.matalan.co.uk/account/login]]]>
            </message>
            <full-stacktrace>
              <![CDATA[java.lang.AssertionError: expected [https://www.matalan.co.uk/account/edit] but found [https://www.matalan.co.uk/account/login]
at org.testng.Assert.fail(Assert.java:99)
at org.testng.Assert.failNotEquals(Assert.java:1037)
at org.testng.Assert.assertEqualsImpl(Assert.java:140)
at org.testng.Assert.assertEquals(Assert.java:122)
at org.testng.Assert.assertEquals(Assert.java:629)
at org.testng.Assert.assertEquals(Assert.java:639)
at com.e2e.testcases.LoginPageTest.loginTest(LoginPageTest.java:47)
at sun.reflect.NativeMethodAccessorImpl.invoke0(Native Method)
at sun.reflect.NativeMethodAccessorImpl.invoke(Unknown Source)
at sun.reflect.DelegatingMethodAccessorImpl.invoke(Unknown Source)
at java.lang.reflect.Method.invoke(Unknown Source)
at org.testng.internal.MethodInvocationHelper.invokeMethod(MethodInvocationHelper.java:133)
at org.testng.internal.TestInvoker.invokeMethod(TestInvoker.java:598)
at org.testng.internal.TestInvoker.invokeTestMethod(TestInvoker.java:173)
at org.testng.internal.MethodRunner.runInSequence(MethodRunner.java:46)
at org.testng.internal.TestInvoker$MethodInvocationAgent.invoke(TestInvoker.java:824)
at org.testng.internal.TestInvoker.invokeTestMethods(TestInvoker.java:146)
at org.testng.internal.TestMethodWorker.invokeTestMethods(TestMethodWorker.java:146)
at org.testng.internal.TestMethodWorker.run(TestMethodWorker.java:128)
at java.util.ArrayList.forEach(Unknown Source)
at org.testng.TestRunner.privateRun(TestRunner.java:794)
at org.testng.TestRunner.run(TestRunner.java:596)
at org.testng.SuiteRunner.runTest(SuiteRunner.java:377)
at org.testng.SuiteRunner.runSequentially(SuiteRunner.java:371)
at org.testng.SuiteRunner.privateRun(SuiteRunner.java:332)
at org.testng.SuiteRunner.run(SuiteRunner.java:276)
at org.testng.SuiteRunnerWorker.runSuite(SuiteRunnerWorker.java:53)
at org.testng.SuiteRunnerWorker.run(SuiteRunnerWorker.java:96)
at org.testng.TestNG.runSuitesSequentially(TestNG.java:1212)
at org.testng.TestNG.runSuitesLocally(TestNG.java:1134)
at org.testng.TestNG.runSuites(TestNG.java:1063)
at org.testng.TestNG.run(TestNG.java:1031)
at org.testng.remote.AbstractRemoteTestNG.run(AbstractRemoteTestNG.java:115)
at org.testng.remote.RemoteTestNG.initAndRun(RemoteTestNG.java:251)
at org.testng.remote.RemoteTestNG.main(RemoteTestNG.java:77)
]]>
            </full-stacktrace>
          </exception> <!-- java.lang.AssertionError -->
          <reporter-output>
          </reporter-output>
        </test-method> <!-- loginTest -->
        <test-method status="PASS" signature="tearDown()[pri:0, instance:com.e2e.testcases.LoginPageTest@13acb0d1]" name="tearDown" is-config="true" duration-ms="789" started-at="2022-10-20T20:38:21 BST" finished-at="2022-10-20T20:38:22 BST">
          <reporter-output>
          </reporter-output>
        </test-method> <!-- tearDown -->
        <test-method status="PASS" signature="afterSuite()[pri:0, instance:com.e2e.testcases.LoginPageTest@13acb0d1]" name="afterSuite" is-config="true" duration-ms="712" started-at="2022-10-20T20:39:12 BST" finished-at="2022-10-20T20:39:13 BST">
          <reporter-output>
          </reporter-output>
        </test-method> <!-- afterSuite -->
      </class> <!-- com.e2e.testcases.LoginPageTest -->
      <class name="com.e2e.testcases.HomePageTest">
        <test-method status="PASS" signature="setup(java.lang.String)[pri:0, instance:com.e2e.testcases.HomePageTest@45dd4eda]" name="setup" is-config="true" duration-ms="4517" started-at="2022-10-20T20:38:22 BST" finished-at="2022-10-20T20:38:27 BST">
          <params>
            <param index="0">
              <value>
                <![CDATA[Chrome]]>
              </value>
            </param>
          </params>
          <reporter-output>
          </reporter-output>
        </test-method> <!-- setup -->
        <test-method status="PASS" signature="orderHistoryDetailsTest()[pri:0, instance:com.e2e.testcases.HomePageTest@45dd4eda]" name="orderHistoryDetailsTest" duration-ms="13440" started-at="2022-10-20T20:38:27 BST" finished-at="2022-10-20T20:38:40 BST">
          <reporter-output>
          </reporter-output>
        </test-method> <!-- orderHistoryDetailsTest -->
        <test-method status="PASS" signature="tearDown()[pri:0, instance:com.e2e.testcases.HomePageTest@45dd4eda]" name="tearDown" is-config="true" duration-ms="829" started-at="2022-10-20T20:38:40 BST" finished-at="2022-10-20T20:38:41 BST">
          <reporter-output>
          </reporter-output>
        </test-method> <!-- tearDown -->
        <test-method status="PASS" signature="setup(java.lang.String)[pri:0, instance:com.e2e.testcases.HomePageTest@45dd4eda]" name="setup" is-config="true" duration-ms="4476" started-at="2022-10-20T20:38:41 BST" finished-at="2022-10-20T20:38:45 BST">
          <params>
            <param index="0">
              <value>
                <![CDATA[Chrome]]>
              </value>
            </param>
          </params>
          <reporter-output>
          </reporter-output>
        </test-method> <!-- setup -->
        <test-method status="PASS" signature="validateAccountDetailsTest()[pri:0, instance:com.e2e.testcases.HomePageTest@45dd4eda]" name="validateAccountDetailsTest" duration-ms="14439" started-at="2022-10-20T20:38:45 BST" finished-at="2022-10-20T20:39:00 BST">
          <reporter-output>
          </reporter-output>
        </test-method> <!-- validateAccountDetailsTest -->
        <test-method status="PASS" signature="tearDown()[pri:0, instance:com.e2e.testcases.HomePageTest@45dd4eda]" name="tearDown" is-config="true" duration-ms="789" started-at="2022-10-20T20:39:00 BST" finished-at="2022-10-20T20:39:01 BST">
          <reporter-output>
          </reporter-output>
        </test-method> <!-- tearDown -->
      </class> <!-- com.e2e.testcases.HomePageTest -->
      <class name="com.e2e.testcases.IndexPageTest">
        <test-method status="PASS" signature="setup(java.lang.String)[pri:0, instance:com.e2e.testcases.IndexPageTest@71c8becc]" name="setup" is-config="true" duration-ms="4932" started-at="2022-10-20T20:39:01 BST" finished-at="2022-10-20T20:39:06 BST">
          <params>
            <param index="0">
              <value>
                <![CDATA[Chrome]]>
              </value>
            </param>
          </params>
          <reporter-output>
          </reporter-output>
        </test-method> <!-- setup -->
        <test-method status="PASS" signature="verifyLogo()[pri:0, instance:com.e2e.testcases.IndexPageTest@71c8becc]" name="verifyLogo" duration-ms="128" started-at="2022-10-20T20:39:06 BST" finished-at="2022-10-20T20:39:06 BST">
          <reporter-output>
          </reporter-output>
        </test-method> <!-- verifyLogo -->
        <test-method status="PASS" signature="tearDown()[pri:0, instance:com.e2e.testcases.IndexPageTest@71c8becc]" name="tearDown" is-config="true" duration-ms="744" started-at="2022-10-20T20:39:06 BST" finished-at="2022-10-20T20:39:06 BST">
          <reporter-output>
          </reporter-output>
        </test-method> <!-- tearDown -->
        <test-method status="PASS" signature="setup(java.lang.String)[pri:0, instance:com.e2e.testcases.IndexPageTest@71c8becc]" name="setup" is-config="true" duration-ms="4539" started-at="2022-10-20T20:39:06 BST" finished-at="2022-10-20T20:39:11 BST">
          <params>
            <param index="0">
              <value>
                <![CDATA[Chrome]]>
              </value>
            </param>
          </params>
          <reporter-output>
          </reporter-output>
        </test-method> <!-- setup -->
        <test-method status="PASS" signature="verifyTitle()[pri:0, instance:com.e2e.testcases.IndexPageTest@71c8becc]" name="verifyTitle" duration-ms="77" started-at="2022-10-20T20:39:11 BST" finished-at="2022-10-20T20:39:11 BST">
          <reporter-output>
          </reporter-output>
        </test-method> <!-- verifyTitle -->
        <test-method status="PASS" signature="tearDown()[pri:0, instance:com.e2e.testcases.IndexPageTest@71c8becc]" name="tearDown" is-config="true" duration-ms="752" started-at="2022-10-20T20:39:11 BST" finished-at="2022-10-20T20:39:12 BST">
          <reporter-output>
          </reporter-output>
        </test-method> <!-- tearDown -->
      </class> <!-- com.e2e.testcases.IndexPageTest -->
    </test> <!-- Smoke -->
  </suite> <!-- Suite -->
</testng-results>
